# JRE version: OpenJDK Runtime Environment (8.0_112-b06) (build 1.8.0_112-release-b06)
# Java VM: OpenJDK 64-Bit Server VM (25.112-b06 mixed mode windows-amd64 compressed oops)
Heap:
 PSYoungGen      total 348160K, used 225257K [0x00000000e0000000, 0x00000000fb400000, 0x0000000100000000)
  eden space 295424K, 76% used [0x00000000e0000000,0x00000000edbfa5f8,0x00000000f2080000)
  from space 52736K, 0% used [0x00000000f2080000,0x00000000f2080000,0x00000000f5400000)
  to   space 55808K, 0% used [0x00000000f7d80000,0x00000000f7d80000,0x00000000fb400000)
 ParOldGen       total 198656K, used 113652K [0x00000000a0000000, 0x00000000ac200000, 0x00000000e0000000)
  object space 198656K, 57% used [0x00000000a0000000,0x00000000a6efd318,0x00000000ac200000)
 Metaspace       used 78498K, capacity 82618K, committed 83072K, reserved 1122304K
  class space    used 9874K, capacity 10551K, committed 10624K, reserved 1048576K
GC Heap History (10 events):
Event: 8019.591 GC heap before
{Heap before GC invocations=41 (full 5):
 PSYoungGen      total 306176K, used 33651K [0x00000000e0000000, 0x00000000f5d80000, 0x0000000100000000)
  eden space 271360K, 0% used [0x00000000e0000000,0x00000000e0000000,0x00000000f0900000)
  from space 34816K, 96% used [0x00000000f2f80000,0x00000000f505ccd0,0x00000000f5180000)
  to   space 39424K, 0% used [0x00000000f0900000,0x00000000f0900000,0x00000000f2f80000)
 ParOldGen       total 135680K, used 116175K [0x00000000a0000000, 0x00000000a8480000, 0x00000000e0000000)
  object space 135680K, 85% used [0x00000000a0000000,0x00000000a7173d00,0x00000000a8480000)
 Metaspace       used 78364K, capacity 82454K, committed 82816K, reserved 1122304K
  class space    used 9869K, capacity 10545K, committed 10624K, reserved 1048576K
Event: 8021.229 GC heap after
Heap after GC invocations=41 (full 5):
 PSYoungGen      total 306176K, used 0K [0x00000000e0000000, 0x00000000f5d80000, 0x0000000100000000)
  eden space 271360K, 0% used [0x00000000e0000000,0x00000000e0000000,0x00000000f0900000)
  from space 34816K, 0% used [0x00000000f2f80000,0x00000000f2f80000,0x00000000f5180000)
  to   space 39424K, 0% used [0x00000000f0900000,0x00000000f0900000,0x00000000f2f80000)
 ParOldGen       total 182272K, used 114732K [0x00000000a0000000, 0x00000000ab200000, 0x00000000e0000000)
  object space 182272K, 62% used [0x00000000a0000000,0x00000000a700b300,0x00000000ab200000)
 Metaspace       used 78364K, capacity 82454K, committed 82816K, reserved 1122304K
  class space    used 9869K, capacity 10545K, committed 10624K, reserved 1048576K
}
Event: 8025.778 GC heap before
{Heap before GC invocations=42 (full 5):
 PSYoungGen      total 306176K, used 271360K [0x00000000e0000000, 0x00000000f5d80000, 0x0000000100000000)
  eden space 271360K, 100% used [0x00000000e0000000,0x00000000f0900000,0x00000000f0900000)
  from space 34816K, 0% used [0x00000000f2f80000,0x00000000f2f80000,0x00000000f5180000)
  to   space 39424K, 0% used [0x00000000f0900000,0x00000000f0900000,0x00000000f2f80000)
 ParOldGen       total 182272K, used 114732K [0x00000000a0000000, 0x00000000ab200000, 0x00000000e0000000)
  object space 182272K, 62% used [0x00000000a0000000,0x00000000a700b300,0x00000000ab200000)
 Metaspace       used 78383K, capacity 82454K, committed 82816K, reserved 1122304K
  class space    used 9869K, capacity 10545K, committed 10624K, reserved 1048576K
Event: 8026.021 GC heap after
Heap after GC invocations=42 (full 5):
 PSYoungGen      total 310784K, used 36286K [0x00000000e0000000, 0x00000000f7f80000, 0x0000000100000000)
  eden space 271360K, 0% used [0x00000000e0000000,0x00000000e0000000,0x00000000f0900000)
  from space 39424K, 92% used [0x00000000f0900000,0x00000000f2c6fb70,0x00000000f2f80000)
  to   space 44544K, 0% used [0x00000000f5400000,0x00000000f5400000,0x00000000f7f80000)
 ParOldGen       total 182272K, used 114740K [0x00000000a0000000, 0x00000000ab200000, 0x00000000e0000000)
  object space 182272K, 62% used [0x00000000a0000000,0x00000000a700d300,0x00000000ab200000)
 Metaspace       used 78383K, capacity 82454K, committed 82816K, reserved 1122304K
  class space    used 9869K, capacity 10545K, committed 10624K, reserved 1048576K
}
Event: 8031.860 GC heap before
{Heap before GC invocations=43 (full 5):
 PSYoungGen      total 310784K, used 307646K [0x00000000e0000000, 0x00000000f7f80000, 0x0000000100000000)
  eden space 271360K, 100% used [0x00000000e0000000,0x00000000f0900000,0x00000000f0900000)
  from space 39424K, 92% used [0x00000000f0900000,0x00000000f2c6fb70,0x00000000f2f80000)
  to   space 44544K, 0% used [0x00000000f5400000,0x00000000f5400000,0x00000000f7f80000)
 ParOldGen       total 182272K, used 114740K [0x00000000a0000000, 0x00000000ab200000, 0x00000000e0000000)
  object space 182272K, 62% used [0x00000000a0000000,0x00000000a700d300,0x00000000ab200000)
 Metaspace       used 78415K, capacity 82518K, committed 82816K, reserved 1122304K
  class space    used 9870K, capacity 10545K, committed 10624K, reserved 1048576K
Event: 8032.182 GC heap after
Heap after GC invocations=43 (full 5):
 PSYoungGen      total 339968K, used 44512K [0x00000000e0000000, 0x00000000f9100000, 0x0000000100000000)
  eden space 295424K, 0% used [0x00000000e0000000,0x00000000e0000000,0x00000000f2080000)
  from space 44544K, 99% used [0x00000000f5400000,0x00000000f7f78310,0x00000000f7f80000)
  to   space 52736K, 0% used [0x00000000f2080000,0x00000000f2080000,0x00000000f5400000)
 ParOldGen       total 182272K, used 119288K [0x00000000a0000000, 0x00000000ab200000, 0x00000000e0000000)
  object space 182272K, 65% used [0x00000000a0000000,0x00000000a747e018,0x00000000ab200000)
 Metaspace       used 78415K, capacity 82518K, committed 82816K, reserved 1122304K
  class space    used 9870K, capacity 10545K, committed 10624K, reserved 1048576K
}
Event: 8037.543 GC heap before
{Heap before GC invocations=44 (full 5):
 PSYoungGen      total 339968K, used 339936K [0x00000000e0000000, 0x00000000f9100000, 0x0000000100000000)
  eden space 295424K, 100% used [0x00000000e0000000,0x00000000f2080000,0x00000000f2080000)
  from space 44544K, 99% used [0x00000000f5400000,0x00000000f7f78310,0x00000000f7f80000)
  to   space 52736K, 0% used [0x00000000f2080000,0x00000000f2080000,0x00000000f5400000)
 ParOldGen       total 182272K, used 119288K [0x00000000a0000000, 0x00000000ab200000, 0x00000000e0000000)
  object space 182272K, 65% used [0x00000000a0000000,0x00000000a747e018,0x00000000ab200000)
 Metaspace       used 78430K, capacity 82518K, committed 82816K, reserved 1122304K
  class space    used 9870K, capacity 10545K, committed 10624K, reserved 1048576K
Event: 8037.970 GC heap after
Heap after GC invocations=44 (full 5):
 PSYoungGen      total 348160K, used 39141K [0x00000000e0000000, 0x00000000fb400000, 0x0000000100000000)
  eden space 295424K, 0% used [0x00000000e0000000,0x00000000e0000000,0x00000000f2080000)
  from space 52736K, 74% used [0x00000000f2080000,0x00000000f46b9708,0x00000000f5400000)
  to   space 55808K, 0% used [0x00000000f7d80000,0x00000000f7d80000,0x00000000fb400000)
 ParOldGen       total 182272K, used 153844K [0x00000000a0000000, 0x00000000ab200000, 0x00000000e0000000)
  object space 182272K, 84% used [0x00000000a0000000,0x00000000a963d268,0x00000000ab200000)
 Metaspace       used 78430K, capacity 82518K, committed 82816K, reserved 1122304K
  class space    used 9870K, capacity 10545K, committed 10624K, reserved 1048576K
}
Event: 8037.970 GC heap before
{Heap before GC invocations=45 (full 6):
 PSYoungGen      total 348160K, used 39141K [0x00000000e0000000, 0x00000000fb400000, 0x0000000100000000)
  eden space 295424K, 0% used [0x00000000e0000000,0x00000000e0000000,0x00000000f2080000)
  from space 52736K, 74% used [0x00000000f2080000,0x00000000f46b9708,0x00000000f5400000)
  to   space 55808K, 0% used [0x00000000f7d80000,0x00000000f7d80000,0x00000000fb400000)
 ParOldGen       total 182272K, used 153844K [0x00000000a0000000, 0x00000000ab200000, 0x00000000e0000000)
  object space 182272K, 84% used [0x00000000a0000000,0x00000000a963d268,0x00000000ab200000)
 Metaspace       used 78430K, capacity 82518K, committed 82816K, reserved 1122304K
  class space    used 9870K, capacity 10545K, committed 10624K, reserved 1048576K
Event: 8039.953 GC heap after
Heap after GC invocations=45 (full 6):
 PSYoungGen      total 348160K, used 0K [0x00000000e0000000, 0x00000000fb400000, 0x0000000100000000)
  eden space 295424K, 0% used [0x00000000e0000000,0x00000000e0000000,0x00000000f2080000)
  from space 52736K, 0% used [0x00000000f2080000,0x00000000f2080000,0x00000000f5400000)
  to   space 55808K, 0% used [0x00000000f7d80000,0x00000000f7d80000,0x00000000fb400000)
 ParOldGen       total 198656K, used 113652K [0x00000000a0000000, 0x00000000ac200000, 0x00000000e0000000)
  object space 198656K, 57% used [0x00000000a0000000,0x00000000a6efd318,0x00000000ac200000)
 Metaspace       used 78430K, capacity 82518K, committed 82816K, reserved 1122304K
  class space    used 9870K, capacity 10545K, committed 10624K, reserved 1048576K
}

